2016-04-28 16:17:19,211 [main] INFO  schedule.Engine - 
DataX engine [version=1] storage[com.taobao.datax.engine.storage.RAMStorage size 3000/1000000 buffer 50] pluginpath[plugins/]

2016-04-28 16:17:19,213 [main] INFO  schedule.Engine - 

job:streamreader_to_streamwriter_job
Reader conf:
name:streamreader id virgin-reader, pool(1) destruct(0)
params:
	              concurrency=[1                             ]
	                 encoding=[UTF-8                         ]
	                      src=[f://test                      ]
	              field_split=[\t                            ]

Writer conf [num 1]:
name:streamwriter id virgin-writer, pool(1) destruct(0)
params:
	              concurrency=[1                             ]
	                 encoding=[UTF-8                         ]
	                    print=[true                          ]
	              field_split=[\t                            ]
	                     dist=[f://test.txt                  ]

2016-04-28 16:17:19,214 [main] INFO  schedule.Engine - DataX startups .
2016-04-28 16:17:19,223 [main] INFO  schedule.Engine - DataX Reader streamreader try to load path plugins/reader/streamreader .
2016-04-28 16:17:19,233 [main] INFO  schedule.Engine - DataX Reader prepare work begins .
2016-04-28 16:17:19,233 [main] INFO  schedule.Engine - DataX Reader prepare work ends .
2016-04-28 16:17:19,233 [main] INFO  schedule.Engine - DataX Reader split work begins .
2016-04-28 16:17:19,233 [main] INFO  schedule.Engine - DataX Reader splits this job into 1 sub-jobs
2016-04-28 16:17:19,234 [main] INFO  schedule.Engine - DataX Reader split work ends .
2016-04-28 16:17:19,237 [main] INFO  schedule.Engine - DataX Reader starts to read data .
2016-04-28 16:17:19,240 [main] INFO  schedule.Engine - DataX Writer streamwriter try to load path plugins/writer/streamwriter .
2016-04-28 16:17:19,244 [main] INFO  schedule.Engine - DataX Writer prepare work begins .
2016-04-28 16:17:19,245 [main] INFO  schedule.Engine - DataX Writer prepare work ends .
2016-04-28 16:17:19,245 [main] INFO  schedule.Engine - DataX Writer split work begins .
2016-04-28 16:17:19,245 [main] INFO  schedule.Engine - DataX Writer splits this job into 1 sub-jobs .
2016-04-28 16:17:19,245 [main] INFO  schedule.Engine - DataX Writer split work ends .
2016-04-28 16:17:19,246 [main] INFO  schedule.Engine - DataX Writer starts to write data .
2016-04-28 16:17:19,247 [main] INFO  schedule.Engine - DataX starts to exchange data .
2016-04-28 16:17:21,250 [main] INFO  schedule.Engine - DataX Reader post work begins .
2016-04-28 16:17:21,250 [main] INFO  schedule.Engine - DataX Reader post work ends .
2016-04-28 16:17:21,251 [main] INFO  schedule.Engine - DataX Writers post work begins .
2016-04-28 16:17:21,251 [main] INFO  schedule.Engine - DataX Writers post work ends .
2016-04-28 16:17:21,252 [main] INFO  schedule.Engine - DataX job succeed .
2016-04-28 16:17:21,263 [main] INFO  schedule.Engine - 
DataX starts work at      : 2016-04-28 16:17:19
DataX ends work at        : 2016-04-28 16:17:21
Total time costs          :                  2s
Average byte speed        :               46B/s
Average line speed        :                4L/s
Total transferred records :                   8
Total discarded records   :                   0

2016-04-28 16:17:26,317 [main] INFO  schedule.Reporter - Report DataX statistic failed, connect timed out
