2016-04-26 16:00:59,873 [main] INFO  schedule.Engine - 
DataX engine [version=1] storage[com.taobao.datax.engine.storage.RAMStorage size 3000/1000000 buffer 50] pluginpath[plugins/]

2016-04-26 16:00:59,889 [main] INFO  schedule.Engine - 

job:mysqlreader_to_streamwriter_job
Reader conf:
name:mysqlreader id virgin-reader, pool(1) destruct(0)
params:
	                   tables=[student                       ]
	                     port=[3306                          ]
	                 username=[root                          ]
	                   dbname=[test                          ]
	              concurrency=[1                             ]
	                 encoding=[UTF-8                         ]
	                 password=[                              ]
	                       ip=[127.0.0.1                     ]

Writer conf [num 1]:
name:streamwriter id virgin-writer, pool(1) destruct(0)
params:
	              concurrency=[1                             ]
	                 encoding=[UTF-8                         ]
	                    print=[true                          ]
	              field_split=[\t                            ]
	                     dist=[f://test.txt                  ]

2016-04-26 16:00:59,889 [main] INFO  schedule.Engine - DataX startups .
2016-04-26 16:00:59,889 [main] INFO  schedule.Engine - DataX Reader mysqlreader try to load path plugins/reader/mysqlreader .
2016-04-26 16:00:59,958 [main] INFO  schedule.Engine - DataX Reader prepare work begins .
2016-04-26 16:00:59,958 [main] INFO  mysqlreader.MysqlReader - MysqlReader try connection: jdbc:mysql://127.0.0.1:3306/test?useUnicode=true&characterEncoding=UTF-8&yearIsDateType=false&zeroDateTimeBehavior=convertToNull&defaultFetchSize=-2147483648 .
2016-04-26 16:01:00,659 [main] INFO  common.DBSource - Key [abd75cc280506a28] register database pool successfully .
2016-04-26 16:01:00,659 [main] INFO  schedule.Engine - DataX Reader prepare work ends .
2016-04-26 16:01:00,659 [main] INFO  schedule.Engine - DataX Reader split work begins .
2016-04-26 16:01:00,689 [main] INFO  mysqlreader.MysqlReaderSplitter - MysqlReaderSpliter initialize successfully.
2016-04-26 16:01:00,689 [main] INFO  mysqlreader.MysqlReaderSplitter -  MysqlReaderSpliter splits successfully.
2016-04-26 16:01:00,704 [main] INFO  common.DBSource - Key [abd75cc280506a28] connect to database pool successfully .
2016-04-26 16:01:00,720 [main] INFO  schedule.Engine - DataX Reader splits this job into 1 sub-jobs
2016-04-26 16:01:00,720 [main] INFO  schedule.Engine - DataX Reader split work ends .
2016-04-26 16:01:00,720 [main] INFO  schedule.Engine - DataX Reader starts to read data .
2016-04-26 16:01:00,738 [main] INFO  schedule.Engine - DataX Writer streamwriter try to load path plugins/writer/streamwriter .
2016-04-26 16:01:00,742 [main] INFO  schedule.Engine - DataX Writer prepare work begins .
2016-04-26 16:01:00,742 [main] INFO  schedule.Engine - DataX Writer prepare work ends .
2016-04-26 16:01:00,742 [main] INFO  schedule.Engine - DataX Writer split work begins .
2016-04-26 16:01:00,742 [main] INFO  schedule.Engine - DataX Writer splits this job into 1 sub-jobs .
2016-04-26 16:01:00,743 [main] INFO  schedule.Engine - DataX Writer split work ends .
2016-04-26 16:01:00,743 [main] INFO  schedule.Engine - DataX Writer starts to write data .
2016-04-26 16:01:00,743 [main] INFO  schedule.Engine - DataX starts to exchange data .
2016-04-26 16:01:00,743 [pool-1-thread-1] INFO  common.DBSource - Key [abd75cc280506a28] connect to database pool successfully .
2016-04-26 16:01:00,759 [pool-1-thread-1] INFO  mysqlreader.MysqlReader - MysqlReader start to query select * from student .
2016-04-26 16:01:02,744 [main] INFO  schedule.Engine - DataX Reader post work begins .
2016-04-26 16:01:02,744 [main] INFO  schedule.Engine - DataX Reader post work ends .
2016-04-26 16:01:02,745 [main] INFO  schedule.Engine - DataX Writers post work begins .
2016-04-26 16:01:02,745 [main] INFO  schedule.Engine - DataX Writers post work ends .
2016-04-26 16:01:02,745 [main] INFO  schedule.Engine - DataX job succeed .
2016-04-26 16:01:02,746 [main] INFO  schedule.Engine - 
DataX starts work at      : 2016-04-26 16:00:59
DataX ends work at        : 2016-04-26 16:01:02
Total time costs          :                  2s
Average byte speed        :                8B/s
Average line speed        :                1L/s
Total transferred records :                   3
Total discarded records   :                   0

2016-04-26 16:01:07,779 [main] INFO  schedule.Reporter - Report DataX statistic failed, connect timed out
