2016-04-26 15:51:16,124 [main] INFO  schedule.Engine - 
DataX engine [version=1] storage[com.taobao.datax.engine.storage.RAMStorage size 3000/1000000 buffer 50] pluginpath[plugins/]

2016-04-26 15:51:16,124 [main] INFO  schedule.Engine - 

job:streamreader_to_streamwriter_job
Reader conf:
name:streamreader id virgin-reader, pool(1) destruct(0)
params:
	              concurrency=[1                             ]
	                 encoding=[UTF-8                         ]
	                      src=[f://test                      ]
	              field_split=[\t                            ]

Writer conf [num 1]:
name:streamwriter id virgin-writer, pool(1) destruct(0)
params:
	              concurrency=[1                             ]
	                 encoding=[UTF-8                         ]
	                    print=[true                          ]
	              field_split=[\t                            ]
	                     dist=[f://test.txt                  ]

2016-04-26 15:51:16,124 [main] INFO  schedule.Engine - DataX startups .
2016-04-26 15:51:16,193 [main] INFO  schedule.Engine - DataX Reader streamreader try to load path plugins/reader/streamreader .
2016-04-26 15:51:16,240 [main] INFO  schedule.Engine - DataX Reader prepare work begins .
2016-04-26 15:51:16,240 [main] INFO  schedule.Engine - DataX Reader prepare work ends .
2016-04-26 15:51:16,240 [main] INFO  schedule.Engine - DataX Reader split work begins .
2016-04-26 15:51:16,240 [main] INFO  schedule.Engine - DataX Reader splits this job into 1 sub-jobs
2016-04-26 15:51:16,240 [main] INFO  schedule.Engine - DataX Reader split work ends .
2016-04-26 15:51:16,256 [main] INFO  schedule.Engine - DataX Reader starts to read data .
2016-04-26 15:51:16,256 [main] INFO  schedule.Engine - DataX Writer streamwriter try to load path plugins/writer/streamwriter .
2016-04-26 15:51:16,271 [main] INFO  schedule.Engine - DataX Writer prepare work begins .
2016-04-26 15:51:16,271 [main] INFO  schedule.Engine - DataX Writer prepare work ends .
2016-04-26 15:51:16,271 [main] INFO  schedule.Engine - DataX Writer split work begins .
2016-04-26 15:51:16,271 [main] INFO  schedule.Engine - DataX Writer splits this job into 1 sub-jobs .
2016-04-26 15:51:16,271 [main] INFO  schedule.Engine - DataX Writer split work ends .
2016-04-26 15:51:16,271 [main] INFO  schedule.Engine - DataX Writer starts to write data .
2016-04-26 15:51:16,271 [main] INFO  schedule.Engine - DataX starts to exchange data .
2016-04-26 15:51:17,271 [main] INFO  schedule.Engine - DataX Reader post work begins .
2016-04-26 15:51:17,271 [main] INFO  schedule.Engine - DataX Reader post work ends .
2016-04-26 15:51:17,275 [main] INFO  schedule.Engine - DataX Writers post work begins .
2016-04-26 15:51:17,276 [main] INFO  schedule.Engine - DataX Writers post work ends .
2016-04-26 15:51:17,276 [main] INFO  schedule.Engine - DataX job succeed .
2016-04-26 15:51:17,309 [main] INFO  schedule.Engine - 
DataX starts work at      : 2016-04-26 15:51:16
DataX ends work at        : 2016-04-26 15:51:17
Total time costs          :                  1s
Average byte speed        :               91B/s
Average line speed        :                8L/s
Total transferred records :                   8
Total discarded records   :                   0

2016-04-26 15:51:22,443 [main] INFO  schedule.Reporter - Report DataX statistic failed, connect timed out
