2016-04-25 15:07:40,557 [main] INFO  schedule.Engine - 
DataX engine [version=1] storage[com.taobao.datax.engine.storage.RAMStorage size 3000/1000000 buffer 50] pluginpath[plugins/]

2016-04-25 15:07:40,564 [main] INFO  schedule.Engine - 

job:mysqlreader_to_streamwriter_job
Reader conf:
name:mysqlreader id virgin-reader, pool(1) destruct(0)
params:
	                   tables=[student                       ]
	                     port=[3306                          ]
	                 username=[root                          ]
	                   dbname=[test                          ]
	              concurrency=[1                             ]
	                 encoding=[UTF-8                         ]
	                 password=[                              ]
	                       ip=[127.0.0.1                     ]

Writer conf [num 1]:
name:streamwriter id virgin-writer, pool(1) destruct(0)
params:
	              concurrency=[1                             ]
	                 encoding=[UTF-8                         ]
	                    print=[true                          ]
	              field_split=[\t                            ]

2016-04-25 15:07:40,565 [main] INFO  schedule.Engine - DataX startups .
2016-04-25 15:07:40,572 [main] INFO  schedule.Engine - DataX Reader mysqlreader try to load path plugins/reader/mysqlreader .
2016-04-25 15:07:40,575 [main] ERROR schedule.Engine - java.lang.IllegalArgumentException: Path must be directory .
	at com.taobao.datax.engine.schedule.JarLoader.getUrl(JarLoader.java:59)
	at com.taobao.datax.engine.schedule.JarLoader.getUrls(JarLoader.java:45)
	at com.taobao.datax.engine.schedule.JarLoader.<init>(JarLoader.java:35)
	at com.taobao.datax.engine.schedule.JarLoader.<init>(JarLoader.java:31)
	at com.taobao.datax.engine.schedule.Engine.initReaderPool(Engine.java:231)
	at com.taobao.datax.engine.schedule.Engine.start(Engine.java:89)
	at com.taobao.datax.engine.schedule.Engine.main(Engine.java:407)

