2016-04-25 16:23:19,938 [main] INFO  schedule.Engine - 
DataX engine [version=1] storage[com.taobao.datax.engine.storage.RAMStorage size 3000/1000000 buffer 50] pluginpath[plugins/]

2016-04-25 16:23:19,946 [main] INFO  schedule.Engine - 

job:streamreader_to_streamwriter_job
Reader conf:
name:streamreader id virgin-reader, pool(1) destruct(0)
params:
	              concurrency=[1                             ]
	                 encoding=[UTF-8                         ]
	                      src=[f://test                      ]
	              field_split=[\t                            ]

Writer conf [num 1]:
name:streamwriter id virgin-writer, pool(1) destruct(0)
params:
	              concurrency=[1                             ]
	                 encoding=[UTF-8                         ]
	                    print=[true                          ]
	              field_split=[\t                            ]

2016-04-25 16:23:19,946 [main] INFO  schedule.Engine - DataX startups .
2016-04-25 16:23:19,958 [main] INFO  schedule.Engine - DataX Reader streamreader try to load path plugins/reader/streamreader .
2016-04-25 16:23:19,970 [main] INFO  schedule.Engine - DataX Reader prepare work begins .
2016-04-25 16:23:19,970 [main] INFO  schedule.Engine - DataX Reader prepare work ends .
2016-04-25 16:23:19,970 [main] INFO  schedule.Engine - DataX Reader split work begins .
2016-04-25 16:23:19,970 [main] INFO  schedule.Engine - DataX Reader splits this job into 1 sub-jobs
2016-04-25 16:23:19,970 [main] INFO  schedule.Engine - DataX Reader split work ends .
2016-04-25 16:23:19,973 [main] INFO  schedule.Engine - DataX Reader starts to read data .
2016-04-25 16:23:19,977 [main] INFO  schedule.Engine - DataX Writer streamwriter try to load path plugins/writer/streamwriter .
2016-04-25 16:23:19,977 [pool-1-thread-1] ERROR streamreader.StreamReader - java.lang.NullPointerException
	at com.taobao.datax.plugins.reader.streamreader.StreamReader.startRead(StreamReader.java:133)
	at sun.reflect.NativeMethodAccessorImpl.invoke0(Native Method)
	at sun.reflect.NativeMethodAccessorImpl.invoke(Unknown Source)
	at sun.reflect.DelegatingMethodAccessorImpl.invoke(Unknown Source)
	at java.lang.reflect.Method.invoke(Unknown Source)
	at com.taobao.datax.engine.schedule.ReaderWorker.run(ReaderWorker.java:92)
	at java.util.concurrent.ThreadPoolExecutor.runWorker(Unknown Source)
	at java.util.concurrent.ThreadPoolExecutor$Worker.run(Unknown Source)
	at java.lang.Thread.run(Unknown Source)

2016-04-25 16:23:19,981 [main] INFO  schedule.Engine - DataX Writer prepare work begins .
2016-04-25 16:23:19,981 [main] INFO  schedule.Engine - DataX Writer prepare work ends .
2016-04-25 16:23:19,981 [main] INFO  schedule.Engine - DataX Writer split work begins .
2016-04-25 16:23:19,981 [main] INFO  schedule.Engine - DataX Writer splits this job into 1 sub-jobs .
2016-04-25 16:23:19,981 [main] INFO  schedule.Engine - DataX Writer split work ends .
2016-04-25 16:23:19,981 [main] INFO  schedule.Engine - DataX Writer starts to write data .
2016-04-25 16:23:19,981 [main] INFO  schedule.Engine - DataX starts to exchange data .
2016-04-25 16:23:21,986 [main] INFO  schedule.Engine - DataX Reader post work begins .
2016-04-25 16:23:21,986 [main] INFO  schedule.Engine - DataX Reader post work ends .
2016-04-25 16:23:21,987 [main] INFO  schedule.Engine - DataX Writers post work begins .
2016-04-25 16:23:21,987 [main] INFO  schedule.Engine - DataX Writers post work ends .
2016-04-25 16:23:21,988 [main] INFO  schedule.Engine - DataX job succeed .
2016-04-25 16:23:22,004 [main] INFO  schedule.Engine - 
DataX starts work at      : 2016-04-25 16:23:19
DataX ends work at        : 2016-04-25 16:23:21
Total time costs          :                  2s
Average byte speed        :                0B/s
Average line speed        :                0L/s
Total transferred records :                   0
Total discarded records   :                   0

2016-04-25 16:23:27,186 [main] INFO  schedule.Reporter - Report DataX statistic failed, connect timed out
